<?xml version="1.0" encoding="UTF-8"?>
<!-- Generated by org.testng.reporters.JUnitReportReporter -->
<testsuite hostname="192.168.1.10" failures="0" tests="1" name="runner.Runner" time="35.396" errors="0" timestamp="2025-04-30T23:37:53 IST" skipped="0">
  <testcase classname="runner.Runner" name="runScenario" time="35.396"/>
  <system-out/>
</testsuite> <!-- runner.Runner -->
