<?xml version="1.0" encoding="UTF-8"?>
<!-- Generated by org.testng.reporters.JUnitReportReporter -->
<testsuite hostname="192.168.1.10" failures="0" tests="1" name="apitest.ValidateAbletoSearchProductsTest" time="4.408" errors="0" timestamp="2025-05-14T23:29:36 IST" skipped="0">
  <testcase classname="apitest.ValidateAbletoSearchProductsTest" name="ValidateAbletoSearchProducts" time="4.408"/>
  <system-out/>
</testsuite> <!-- apitest.ValidateAbletoSearchProductsTest -->
