<?xml version="1.0" encoding="UTF-8"?>
<!-- Generated by org.testng.reporters.JUnitReportReporter -->
<testsuite hostname="192.168.1.4" failures="0" tests="1" name="ui.testcases.ValidateValidTest" time="72.845" errors="0" timestamp="2025-07-29T17:26:53 IST" skipped="0">
  <testcase classname="ui.testcases.ValidateValidTest" name="validateValidUserTest" time="72.845"/>
  <system-out/>
</testsuite> <!-- ui.testcases.ValidateValidTest -->
