<?xml version="1.0" encoding="UTF-8"?>
<!-- Generated by org.testng.reporters.JUnitReportReporter -->
<testsuite hostname="192.168.1.10" failures="0" tests="1" name="ui.testcases.RegisterUserTest" time="532.768" errors="0" timestamp="2025-05-09T00:21:38 IST" skipped="0">
  <testcase classname="ui.testcases.RegisterUserTest" name="registeruserTest" time="532.768"/>
  <system-out/>
</testsuite> <!-- ui.testcases.RegisterUserTest -->
