<?xml version="1.0" encoding="UTF-8"?>
<!-- Generated by org.testng.reporters.JUnitReportReporter -->
<testsuite hostname="192.168.1.7" failures="0" tests="1" name="ui.testcases.RegisterUserTest" time="553.527" errors="0" timestamp="2025-04-30T00:04:47 IST" skipped="0">
  <testcase classname="ui.testcases.RegisterUserTest" name="loginToApplication" time="553.527"/>
  <system-out/>
</testsuite> <!-- ui.testcases.RegisterUserTest -->
