<?xml version="1.0" encoding="UTF-8"?>
<!-- Generated by org.testng.reporters.JUnitReportReporter -->
<testsuite hostname="192.168.1.4" failures="0" tests="3" name="apitest.MockServicesTest" time="2.272" errors="0" timestamp="2025-07-29T18:41:10 IST" skipped="0">
  <testcase classname="apitest.MockServicesTest" name="validatePostResponse" time="0.568"/>
  <system-out/>
  <testcase classname="apitest.MockServicesTest" name="testGetRequest" time="1.658"/>
  <system-out/>
  <testcase classname="apitest.MockServicesTest" name="validatePutResponse" time="0.046"/>
  <system-out/>
</testsuite> <!-- apitest.MockServicesTest -->
