<?xml version="1.0" encoding="UTF-8"?>
<!-- Generated by org.testng.reporters.JUnitReportReporter -->
<testsuite hostname="192.168.1.8" failures="0" tests="1" name="apitest.ApiTest" time="3.598" errors="0" timestamp="2025-05-20T00:19:02 IST" skipped="0">
  <testcase classname="apitest.ApiTest" name="getBookingId" time="3.598"/>
  <system-out/>
</testsuite> <!-- apitest.ApiTest -->
