<?xml version="1.0" encoding="UTF-8"?>
<!-- Generated by org.testng.reporters.JUnitReportReporter -->
<testsuite hostname="192.168.1.6" failures="0" tests="1" name="ui.testcases.LoginWithvaliduserTest" time="180.282" errors="0" timestamp="2025-05-27T00:21:33 IST" skipped="0">
  <testcase classname="ui.testcases.LoginWithvaliduserTest" name="loginWithvalidUserTest" time="180.282"/>
  <system-out/>
</testsuite> <!-- ui.testcases.LoginWithvaliduserTest -->
