<?xml version="1.0" encoding="UTF-8"?>
<!-- Generated by org.testng.reporters.JUnitReportReporter -->
<testsuite hostname="192.168.1.4" failures="0" tests="3" name="apitest.MockServicesTest" time="2.210" errors="0" timestamp="2025-07-29T18:10:24 IST" skipped="1">
  <testcase classname="apitest.MockServicesTest" name="testGetRequest" time="1.677"/>
  <system-out/>
  <testcase classname="apitest.MockServicesTest" name="validatePutResponse" time="0.533"/>
  <system-out/>
  <testcase classname="apitest.MockServicesTest" name="validatePostResponse">
    <skipped/>
  </testcase> <!-- validatePostResponse -->
  <system-out/>
</testsuite> <!-- apitest.MockServicesTest -->
