<?xml version="1.0" encoding="UTF-8"?>
<!-- Generated by org.testng.reporters.JUnitReportReporter -->
<testsuite hostname="192.168.1.10" failures="0" tests="1" name="apitest.ValidateResponse" time="0.087" errors="0" timestamp="2025-05-06T00:01:46 IST" skipped="0">
  <testcase classname="apitest.ValidateResponse" name="getResponse" time="0.087"/>
  <system-out/>
</testsuite> <!-- apitest.ValidateResponse -->
