<?xml version="1.0" encoding="UTF-8"?>
<!-- Generated by org.testng.reporters.JUnitReportReporter -->
<testsuite hostname="192.168.1.10" failures="0" tests="1" name="apitest.GetAllProductsList" time="3.508" errors="0" timestamp="2025-05-03T01:44:34 IST" skipped="0">
  <testcase classname="apitest.GetAllProductsList" name="getAllProductList" time="3.508"/>
  <system-out/>
</testsuite> <!-- apitest.GetAllProductsList -->
