<?xml version="1.0" encoding="UTF-8"?>
<!-- Generated by org.testng.reporters.JUnitReportReporter -->
<testsuite hostname="192.168.1.4" failures="0" tests="3" name="apitest.ApiTest" time="1.587" errors="0" timestamp="2025-06-12T01:32:25 IST" skipped="2">
  <testcase classname="apitest.ApiTest" name="pojo1" time="1.587"/>
  <system-out/>
  <testcase classname="apitest.ApiTest" name="pojo">
    <skipped/>
  </testcase> <!-- pojo -->
  <system-out/>
  <testcase classname="apitest.ApiTest" name="getBookingId">
    <skipped/>
  </testcase> <!-- getBookingId -->
  <system-out/>
</testsuite> <!-- apitest.ApiTest -->
