<?xml version="1.0" encoding="UTF-8"?>
<!-- Generated by org.testng.reporters.JUnitReportReporter -->
<testsuite hostname="192.168.1.6" failures="0" tests="1" name="runner.Runner" time="21.357" errors="0" timestamp="2025-05-30T01:39:49 IST" skipped="0">
  <testcase classname="runner.Runner" name="runScenario" time="21.357"/>
  <system-out/>
</testsuite> <!-- runner.Runner -->
