<?xml version="1.0" encoding="UTF-8"?>
<!-- Generated by org.testng.reporters.JUnitReportReporter -->
<testsuite hostname="192.168.1.7" failures="0" tests="1" name="runner.Runner" time="44.976" errors="0" timestamp="2025-04-28T12:27:17 IST" skipped="0">
  <testcase classname="runner.Runner" name="runScenario" time="44.976"/>
  <system-out/>
</testsuite> <!-- runner.Runner -->
