<?xml version="1.0" encoding="UTF-8"?>
<!-- Generated by org.testng.reporters.JUnitReportReporter -->
<testsuite hostname="192.168.1.7" failures="0" tests="1" name="ui.testcases.ValidateValidTest" time="17.335" errors="0" timestamp="2025-07-16T00:07:53 IST" skipped="0">
  <testcase classname="ui.testcases.ValidateValidTest" name="validateValidUserTest" time="17.335"/>
  <system-out/>
</testsuite> <!-- ui.testcases.ValidateValidTest -->
