<?xml version="1.0" encoding="UTF-8"?>
<!-- Generated by org.testng.reporters.JUnitReportReporter -->
<testsuite hostname="192.168.1.4" failures="0" tests="3" name="apitest.MockServicesTest" time="2.752" errors="0" timestamp="2025-07-25T13:29:02 IST" skipped="2">
  <testcase classname="apitest.MockServicesTest" name="testGetRequest" time="2.752"/>
  <testcase classname="apitest.MockServicesTest" name="validatePostResponse">
    <skipped/>
  </testcase> <!-- validatePostResponse -->
  <testcase classname="apitest.MockServicesTest" name="validatePutResponse">
    <skipped/>
  </testcase> <!-- validatePutResponse -->
</testsuite> <!-- apitest.MockServicesTest -->
