<?xml version="1.0" encoding="UTF-8"?>
<!-- Generated by org.testng.reporters.JUnitReportReporter -->
<testsuite hostname="192.168.1.7" failures="0" tests="4" name="ui.testcases.DemoTest" time="73.548" errors="1" timestamp="2025-04-28T01:15:54 IST" skipped="3">
  <testcase classname="ui.testcases.DemoTest" name="setup" time="73.548">
    <error message="Unresolved compilation problems: 
	The public type NewUserSignUpPage must be defined in its own file
	The method waitForElementVisible(WebElement, int) is undefined for the type SeleniumCommonUtils
	The method getAttributevalue(WebElement, String) is undefined for the type SeleniumCommonUtils
	The method getAttributevalue(WebElement, String) is undefined for the type SeleniumCommonUtils
	The method selectDropDown(WebElement, String) is undefined for the type SeleniumCommonUtils
	The method selectDropDown(WebElement, String) is undefined for the type SeleniumCommonUtils
	The method selectDropDown(WebElement, String) is undefined for the type SeleniumCommonUtils
	The method selectDropDown(WebElement, String) is undefined for the type SeleniumCommonUtils
" type="java.lang.Error">
      <![CDATA[java.lang.Error: Unresolved compilation problems: 
The public type NewUserSignUpPage must be defined in its own file
The method waitForElementVisible(WebElement, int) is undefined for the type SeleniumCommonUtils
The method getAttributevalue(WebElement, String) is undefined for the type SeleniumCommonUtils
The method getAttributevalue(WebElement, String) is undefined for the type SeleniumCommonUtils
The method selectDropDown(WebElement, String) is undefined for the type SeleniumCommonUtils
The method selectDropDown(WebElement, String) is undefined for the type SeleniumCommonUtils
The method selectDropDown(WebElement, String) is undefined for the type SeleniumCommonUtils
The method selectDropDown(WebElement, String) is undefined for the type SeleniumCommonUtils

at pages.NewUserSignUpPage.<init>(test.java:13)
at base.BaseTest.setup(BaseTest.java:44)
at java.base/jdk.internal.reflect.NativeMethodAccessorImpl.invoke0(Native Method)
at java.base/jdk.internal.reflect.NativeMethodAccessorImpl.invoke(NativeMethodAccessorImpl.java:77)
at java.base/jdk.internal.reflect.DelegatingMethodAccessorImpl.invoke(DelegatingMethodAccessorImpl.java:43)
at java.base/java.lang.reflect.Method.invoke(Method.java:568)
at org.testng.internal.MethodInvocationHelper.invokeMethod(MethodInvocationHelper.java:133)
at org.testng.internal.MethodInvocationHelper.invokeMethodConsideringTimeout(MethodInvocationHelper.java:62)
at org.testng.internal.ConfigInvoker.invokeConfigurationMethod(ConfigInvoker.java:385)
at org.testng.internal.ConfigInvoker.invokeConfigurations(ConfigInvoker.java:321)
at org.testng.internal.TestInvoker.runConfigMethods(TestInvoker.java:700)
at org.testng.internal.TestInvoker.invokeMethod(TestInvoker.java:527)
at org.testng.internal.TestInvoker.invokeTestMethod(TestInvoker.java:173)
at org.testng.internal.MethodRunner.runInSequence(MethodRunner.java:46)
at org.testng.internal.TestInvoker$MethodInvocationAgent.invoke(TestInvoker.java:824)
at org.testng.internal.TestInvoker.invokeTestMethods(TestInvoker.java:146)
at org.testng.internal.TestMethodWorker.invokeTestMethods(TestMethodWorker.java:146)
at org.testng.internal.TestMethodWorker.run(TestMethodWorker.java:128)
at java.base/java.util.ArrayList.forEach(ArrayList.java:1511)
at org.testng.TestRunner.privateRun(TestRunner.java:794)
at org.testng.TestRunner.run(TestRunner.java:596)
at org.testng.SuiteRunner.runTest(SuiteRunner.java:377)
at org.testng.SuiteRunner.runSequentially(SuiteRunner.java:371)
at org.testng.SuiteRunner.privateRun(SuiteRunner.java:332)
at org.testng.SuiteRunner.run(SuiteRunner.java:276)
at org.testng.SuiteRunnerWorker.runSuite(SuiteRunnerWorker.java:53)
at org.testng.SuiteRunnerWorker.run(SuiteRunnerWorker.java:96)
at org.testng.TestNG.runSuitesSequentially(TestNG.java:1212)
at org.testng.TestNG.runSuitesLocally(TestNG.java:1134)
at org.testng.TestNG.runSuites(TestNG.java:1063)
at org.testng.TestNG.run(TestNG.java:1031)
at org.testng.remote.AbstractRemoteTestNG.run(AbstractRemoteTestNG.java:115)
at org.testng.remote.RemoteTestNG.initAndRun(RemoteTestNG.java:251)
at org.testng.remote.RemoteTestNG.main(RemoteTestNG.java:77)
]]>
    </error>
  </testcase> <!-- setup -->
  <system-out/>
  <testcase classname="ui.testcases.DemoTest" name="loginToApplication" time="0.000">
    <skipped/>
  </testcase> <!-- loginToApplication -->
  <system-out/>
  <testcase classname="ui.testcases.DemoTest" name="navigateToURL">
    <skipped/>
  </testcase> <!-- navigateToURL -->
  <system-out/>
  <testcase classname="ui.testcases.DemoTest" name="navigateToURL2">
    <skipped/>
  </testcase> <!-- navigateToURL2 -->
  <system-out/>
</testsuite> <!-- ui.testcases.DemoTest -->
