<?xml version="1.0" encoding="UTF-8"?>
<!-- Generated by org.testng.reporters.JUnitReportReporter -->
<testsuite hostname="192.168.1.10" failures="0" tests="4" name="runner.Runner" time="55.245" errors="0" timestamp="2025-05-10T01:26:33 IST" skipped="0">
  <testcase classname="runner.Runner" name="runScenario" time="21.499"/>
  <system-out/>
  <testcase classname="runner.Runner" name="runScenario" time="11.306"/>
  <system-out/>
  <testcase classname="runner.Runner" name="runScenario" time="11.155"/>
  <system-out/>
  <testcase classname="runner.Runner" name="runScenario" time="11.285"/>
  <system-out/>
</testsuite> <!-- runner.Runner -->
