<?xml version="1.0" encoding="UTF-8"?>
<!-- Generated by org.testng.reporters.JUnitReportReporter -->
<testsuite hostname="192.168.1.10" failures="0" tests="1" name="ui.testcases.LoginWithvaliduserTest" time="664.048" errors="0" timestamp="2025-05-02T00:26:00 IST" skipped="0">
  <testcase classname="ui.testcases.LoginWithvaliduserTest" name="loginWithvalidUserTest" time="664.048"/>
  <system-out/>
</testsuite> <!-- ui.testcases.LoginWithvaliduserTest -->
