<?xml version="1.0" encoding="UTF-8"?>
<!-- Generated by org.testng.reporters.JUnitReportReporter -->
<testsuite hostname="192.168.1.4" failures="0" tests="3" name="apitest.ApiTest" time="4.181" errors="0" timestamp="2025-07-29T18:12:56 IST" skipped="2">
  <testcase classname="apitest.ApiTest" name="getBookingId" time="4.181"/>
  <system-out/>
  <testcase classname="apitest.ApiTest" name="pojo">
    <skipped/>
  </testcase> <!-- pojo -->
  <system-out/>
  <testcase classname="apitest.ApiTest" name="pojo1">
    <skipped/>
  </testcase> <!-- pojo1 -->
  <system-out/>
</testsuite> <!-- apitest.ApiTest -->
