<?xml version="1.0" encoding="UTF-8"?>
<!-- Generated by org.testng.reporters.JUnitReportReporter -->
<testsuite hostname="192.168.1.4" failures="0" tests="3" name="apitest.MockServicesTest" time="3.171" errors="0" timestamp="2025-07-29T23:55:56 IST" skipped="0">
  <testcase classname="apitest.MockServicesTest" name="validatePutResponse" time="1.248"/>
  <system-out/>
  <testcase classname="apitest.MockServicesTest" name="testGetRequest" time="1.758"/>
  <system-out/>
  <testcase classname="apitest.MockServicesTest" name="validatePostResponse" time="0.165"/>
  <system-out/>
</testsuite> <!-- apitest.MockServicesTest -->
